2019-05-06 12:29:52.148  INFO 14156 --- [restartedMain] com.asm.managment.ManagmentApplication   : Starting ManagmentApplication on DESKTOP-LOQ36H5 with PID 14156 (started by qalam in F:\MY_PROJECT\Busines Management\AMS)
2019-05-06 12:29:52.158  INFO 14156 --- [restartedMain] com.asm.managment.ManagmentApplication   : No active profile set, falling back to default profiles: default
2019-05-06 12:29:52.261  INFO 14156 --- [restartedMain] .e.DevToolsPropertyDefaultsPostProcessor : Devtools property defaults active! Set 'spring.devtools.add-properties' to 'false' to disable
2019-05-06 12:29:52.262  INFO 14156 --- [restartedMain] .e.DevToolsPropertyDefaultsPostProcessor : For additional web related logging consider setting the 'logging.level.web' property to 'DEBUG'
2019-05-06 12:29:53.592  INFO 14156 --- [restartedMain] .s.d.r.c.RepositoryConfigurationDelegate : Bootstrapping Spring Data repositories in DEFAULT mode.
2019-05-06 12:29:53.632  INFO 14156 --- [restartedMain] .s.d.r.c.RepositoryConfigurationDelegate : Finished Spring Data repository scanning in 26ms. Found 0 repository interfaces.
2019-05-06 12:29:54.118  INFO 14156 --- [restartedMain] trationDelegate$BeanPostProcessorChecker : Bean 'org.springframework.transaction.annotation.ProxyTransactionManagementConfiguration' of type [org.springframework.transaction.annotation.ProxyTransactionManagementConfiguration$$EnhancerBySpringCGLIB$$ebe4b799] is not eligible for getting processed by all BeanPostProcessors (for example: not eligible for auto-proxying)
2019-05-06 12:29:54.693  INFO 14156 --- [restartedMain] o.s.b.w.embedded.tomcat.TomcatWebServer  : Tomcat initialized with port(s): 6060 (http)
2019-05-06 12:29:54.754  INFO 14156 --- [restartedMain] o.apache.catalina.core.StandardService   : Starting service [Tomcat]
2019-05-06 12:29:54.754  INFO 14156 --- [restartedMain] org.apache.catalina.core.StandardEngine  : Starting Servlet engine: [Apache Tomcat/9.0.16]
2019-05-06 12:29:54.770  INFO 14156 --- [restartedMain] o.a.catalina.core.AprLifecycleListener   : The APR based Apache Tomcat Native library which allows optimal performance in production environments was not found on the java.library.path: [C:\Program Files\Java\jdk1.8.0_201\bin;C:\Windows\Sun\Java\bin;C:\Windows\system32;C:\Windows;C:\oraclexe\app\oracle\product\11.2.0\server\bin;C:\Program Files (x86)\Common Files\Oracle\Java\javapath;C:\Windows\system32;C:\Windows;C:\Windows\System32\Wbem;C:\Windows\System32\WindowsPowerShell\v1.0\;C:\Windows\System32\OpenSSH\;C:\Program Files (x86)\NVIDIA Corporation\PhysX\Common;C:\Program Files\Java\jdk1.8.0_201\bin;C:\Program Files\maven\apache-maven-3.6.0\bin;C:\Program Files\nodejs\;H:\Program Files (x86)\Git\Git\cmd;C:\Users\qalam\AppData\Local\Microsoft\WindowsApps;C:\Users\qalam\AppData\Roaming\npm;C:\Users\qalam\AppData\Local\GitHubDesktop\bin;.]
2019-05-06 12:29:54.912  INFO 14156 --- [restartedMain] o.a.c.c.C.[Tomcat].[localhost].[/]       : Initializing Spring embedded WebApplicationContext
2019-05-06 12:29:54.912  INFO 14156 --- [restartedMain] o.s.web.context.ContextLoader            : Root WebApplicationContext: initialization completed in 2650 ms
2019-05-06 12:29:55.210  INFO 14156 --- [restartedMain] com.zaxxer.hikari.HikariDataSource       : HikariPool-1 - Starting...
2019-05-06 12:29:55.652  INFO 14156 --- [restartedMain] com.zaxxer.hikari.HikariDataSource       : HikariPool-1 - Start completed.
2019-05-06 12:29:55.724  INFO 14156 --- [restartedMain] o.hibernate.jpa.internal.util.LogHelper  : HHH000204: Processing PersistenceUnitInfo [
	name: default
	...]
2019-05-06 12:29:55.876  INFO 14156 --- [restartedMain] org.hibernate.Version                    : HHH000412: Hibernate Core {5.3.7.Final}
2019-05-06 12:29:55.879  INFO 14156 --- [restartedMain] org.hibernate.cfg.Environment            : HHH000206: hibernate.properties not found
2019-05-06 12:29:56.186  INFO 14156 --- [restartedMain] o.hibernate.annotations.common.Version   : HCANN000001: Hibernate Commons Annotations {5.0.4.Final}
2019-05-06 12:29:56.373  INFO 14156 --- [restartedMain] org.hibernate.dialect.Dialect            : HHH000400: Using dialect: org.hibernate.dialect.PostgreSQL94Dialect
2019-05-06 12:29:56.889  INFO 14156 --- [restartedMain] o.h.e.j.e.i.LobCreatorBuilderImpl        : HHH000421: Disabling contextual LOB creation as hibernate.jdbc.lob.non_contextual_creation is true
2019-05-06 12:29:56.900  INFO 14156 --- [restartedMain] org.hibernate.type.BasicTypeRegistry     : HHH000270: Type registration [java.util.UUID] overrides previous : org.hibernate.type.UUIDBinaryType@4a617aa9
2019-05-06 12:29:58.467  INFO 14156 --- [restartedMain] j.LocalContainerEntityManagerFactoryBean : Initialized JPA EntityManagerFactory for persistence unit 'default'
2019-05-06 12:29:58.516  INFO 14156 --- [restartedMain] o.s.b.d.a.OptionalLiveReloadServer       : LiveReload server is running on port 35729
2019-05-06 12:29:58.957  INFO 14156 --- [restartedMain] o.s.s.concurrent.ThreadPoolTaskExecutor  : Initializing ExecutorService 'applicationTaskExecutor'
2019-05-06 12:29:59.011  WARN 14156 --- [restartedMain] aWebConfiguration$JpaWebMvcConfiguration : spring.jpa.open-in-view is enabled by default. Therefore, database queries may be performed during view rendering. Explicitly configure spring.jpa.open-in-view to disable this warning
2019-05-06 12:29:59.305  INFO 14156 --- [restartedMain] o.s.b.w.embedded.tomcat.TomcatWebServer  : Tomcat started on port(s): 6060 (http) with context path ''
2019-05-06 12:29:59.310  INFO 14156 --- [restartedMain] com.asm.managment.ManagmentApplication   : Started ManagmentApplication in 7.963 seconds (JVM running for 13.772)
2019-05-06 12:30:05.144  INFO 14156 --- [http-nio-6060-exec-1] o.a.c.c.C.[Tomcat].[localhost].[/]       : Initializing Spring DispatcherServlet 'dispatcherServlet'
2019-05-06 12:30:05.144  INFO 14156 --- [http-nio-6060-exec-1] o.s.web.servlet.DispatcherServlet        : Initializing Servlet 'dispatcherServlet'
2019-05-06 12:30:05.153  INFO 14156 --- [http-nio-6060-exec-1] o.s.web.servlet.DispatcherServlet        : Completed initialization in 9 ms
2019-05-06 12:30:05.323  INFO 14156 --- [http-nio-6060-exec-1] o.h.h.i.QueryTranslatorFactoryInitiator  : HHH000397: Using ASTQueryTranslatorFactory
